3098973438
2787732486
1817065428
1883356684
536116974
3223420658
1429327340
753637200
238411544
969226834
2782363034
3605031778
17944982
3100374638
1645637404
3800957166
1929431920
2963838770
822620764
2007454846
1861675010
132247918
2034735226
3064937436
3822989068
3605154406
856539914
279270806
4119793264
2595011828
4292108236
1573987454
2952984886
1758831134
1927821608
3052039248
4144327132
348659798
4005907396
199039646
370642144
2274816000
1771021572
421779750
1407124902
2196107922
3279775638
3534320674
1963957936
368065562
3454818166
3585185116
1328245032
1152801206
1565469716
3505127198
1152955818
42741666
841501670
3432692106
4231910614
3955124678
1134153172
3622333246
1397174600
4087892268
1932728532
1377818122
3215333316
4125887408
2289822040
2021126652
3639856232
4256862084
1284890776
2986984966
3578313874
4075246138
3992544326
786957814
3826200768
458563514
943447618
1803806042
3156197228
1249306914
3199922522
1636132828
1463594642
3608329210
559311968
176939190
2836763592
3392612144
683182828
3716686970
457138446
1588266440
153644930
292779266
